\BOOKMARK [0][-]{part.1}{\376\377\000I\000\040\0003\000\040\004\101\004\065\004\074\004\065\004\101\004\102\004\100\000.\000\040\004\036\004\101\004\075\004\076\004\062\004\113\000\040\004\102\004\065\004\076\004\100\004\070\004\070\000\040\004\063\004\100\004\103\004\077\004\077\000.}{}% 1
\BOOKMARK [1][-]{section.1}{\376\377\004\041\004\060\004\074\004\113\004\065\000\040\004\075\004\060\004\107\004\060\004\073\004\060\000\040\004\102\004\065\004\076\004\100\004\070\004\070\000\040\004\063\004\100\004\103\004\077\004\077}{part.1}% 2
\BOOKMARK [2][-]{subsection.1.1}{\376\377\004\036\004\101\004\075\004\076\004\062\004\075\004\113\004\065\000\040\004\072\004\073\004\060\004\101\004\101\004\113\000\040\004\060\004\073\004\063\004\065\004\061\004\100\004\060\004\070\004\107\004\065\004\101\004\072\004\070\004\105\000\040\004\101\004\070\004\101\004\102\004\065\004\074}{section.1}% 3
\BOOKMARK [2][-]{subsection.1.2}{\376\377\004\023\004\100\004\103\004\077\004\077\004\060}{section.1}% 4
\BOOKMARK [2][-]{subsection.1.3}{\376\377\004\037\004\076\004\064\004\063\004\100\004\103\004\077\004\077\004\060}{section.1}% 5
\BOOKMARK [1][-]{section.2}{\376\377\004\035\004\065\000\040\004\101\004\060\004\074\004\113\004\065\000\040\004\075\004\060\004\107\004\060\004\073\004\060\000\040\004\102\004\065\004\076\004\100\004\070\004\070\000\040\004\063\004\100\004\103\004\077\004\077}{part.1}% 6
\BOOKMARK [2][-]{subsection.2.1}{\376\377\004\036\004\102\004\075\004\076\004\110\004\065\004\075\004\070\004\065\000\040\004\115\004\072\004\062\004\070\004\062\004\060\004\073\004\065\004\075\004\102\004\075\004\076\004\101\004\102\004\070}{section.2}% 7
\BOOKMARK [2][-]{subsection.2.2}{\376\377\004\035\004\065\004\074\004\075\004\076\004\063\004\076\000\050\004\101\004\076\004\062\004\101\004\065\004\074\000\051\000\040\004\076\000\040\004\072\004\076\004\073\004\114\004\106\004\060\004\105}{section.2}% 8
\BOOKMARK [2][-]{subsection.2.3}{\376\377\004\046\004\070\004\072\004\073\004\070\004\107\004\065\004\101\004\072\004\070\004\065\000\040\004\063\004\100\004\103\004\077\004\077\004\113}{section.2}% 9
\BOOKMARK [2][-]{subsection.2.4}{\376\377\004\037\004\076\004\064\004\101\004\102\004\060\004\075\004\076\004\062\004\072\004\070}{section.2}% 10
\BOOKMARK [1][-]{section.3}{\376\377\004\032\004\060\004\072\004\070\004\065\000\040\004\077\004\076\004\064\004\063\004\100\004\103\004\077\004\077\004\113\000\040\004\062\004\076\004\076\004\061\004\111\004\065\000\040\004\061\004\113\004\062\004\060\004\116\004\102\000\040\004\075\004\076\004\100\004\074\004\060\004\073\004\114\004\075\004\113\004\074\004\070\000?}{part.1}% 11
\BOOKMARK [2][-]{subsection.3.1}{\376\377\004\032\004\073\004\060\004\101\004\101\004\113\000\040\004\101\004\074\004\065\004\066\004\075\004\076\004\101\004\102\004\070}{section.3}% 12
\BOOKMARK [2][-]{subsection.3.2}{\376\377\004\035\004\076\004\100\004\074\004\060\004\073\004\114\004\075\004\060\004\117\000\040\004\077\004\076\004\064\004\063\004\100\004\103\004\077\004\077\004\060}{section.3}% 13
\BOOKMARK [1][-]{section.4}{\376\377\004\033\004\060\004\063\004\100\004\060\004\075\004\066\000\040\004\063\004\103\004\073\004\117\004\065\004\102\000\040\004\101\000\040\004\055\004\071\004\073\004\065\004\100\004\076\004\074}{part.1}% 14
\BOOKMARK [2][-]{subsection.4.1}{\376\377\004\042\004\065\004\076\004\100\004\065\004\074\004\060\000\040\004\033\004\060\004\063\004\100\004\060\004\075\004\066\004\060\000\040\004\101\004\076\000\040\004\101\004\062\004\076\004\070\004\074\004\070\000\040\004\101\004\073\004\065\004\064\004\101\004\102\004\062\004\070\004\117\004\074\004\070}{section.4}% 15
\BOOKMARK [2][-]{subsection.4.2}{\376\377\004\037\004\060\004\100\004\060\000\040\004\101\004\073\004\076\004\062\000\040\004\076\004\061\000\040\004\055\004\071\004\073\004\065\004\100\004\065}{section.4}% 16
\BOOKMARK [1][-]{section.5}{\376\377\004\034\004\076\004\100\004\104\004\070\004\067\004\074\004\113}{part.1}% 17
\BOOKMARK [1][-]{section.6}{\376\377\004\037\004\100\004\117\004\074\004\076\004\065\000\040\004\077\004\100\004\076\004\070\004\067\004\062\004\065\004\064\004\065\004\075\004\070\004\065}{part.1}% 18
\BOOKMARK [1][-]{section.7}{\376\377\004\030\004\075\004\102\004\065\004\100\004\065\004\101\004\075\004\113\004\065\000\040\004\074\004\076\004\074\004\065\004\075\004\102\004\113\000,\000\040\004\075\004\065\004\076\004\061\004\105\004\076\004\064\004\070\004\074\004\113\004\065\000\040\004\064\004\073\004\117\000\040\004\100\004\065\004\110\004\065\004\075\004\070\004\117\000\040\004\067\004\060\004\064\004\060\004\107}{part.1}% 19
\BOOKMARK [2][-]{subsection.7.1}{\376\377\004\023\004\100\004\103\004\077\004\077\004\060\000\040\004\064\004\070\004\115\004\064\004\100\004\060}{section.7}% 20
\BOOKMARK [2][-]{subsection.7.2}{\376\377\004\023\004\100\004\103\004\077\004\077\004\060\000\040\004\072\004\062\004\060\004\102\004\065\004\100\004\075\004\070\004\076\004\075\004\076\004\062}{section.7}% 21
\BOOKMARK [2][-]{subsection.7.3}{\376\377\004\032\004\060\004\072\000\040\004\076\004\077\004\100\004\065\004\064\004\065\004\073\004\070\004\102\004\114\000\040\004\077\004\100\004\117\004\074\004\076\004\065\000\040\004\077\004\100\004\076\004\070\004\067\004\062\004\065\004\064\004\065\004\075\004\070\004\065\000\040\004\063\004\100\004\103\004\077\004\077\000?}{section.7}% 22
\BOOKMARK [1][-]{section.8}{\376\377\004\022\004\076\004\077\004\100\004\076\004\101\004\113\000\040\004\072\000\040\004\072\004\076\004\073\004\073\004\076\004\072\004\062\004\070\004\103\004\074\004\103}{part.1}% 23
